
The following have been reloaded with a version change:
  1) dcm2niix/v1.0.20211006 => dcm2niix/v1.0.20220720


------------------------------------------------------------
BIDSKIT 2022.10.13
------------------------------------------------------------

Check dcm2nixx version
dcm2niix v1.0.20220720 detected - ok

Initializing BIDS dataset directory tree in /projects/b1108/studies/transitions/data/raw/neuroimaging/bids
Creating file templates required for BIDS compliance
Copying /home/sir8526/.local/lib/python3.8/site-packages/bidskit/templates/README.md to /projects/b1108/studies/transitions/data/raw/neuroimaging/bids/README.md
* {tpl_pname} not found - check installation folder permissions
Copying /home/sir8526/.local/lib/python3.8/site-packages/bidskit/templates/CHANGES to /projects/b1108/studies/transitions/data/raw/neuroimaging/bids/CHANGES
Copying /home/sir8526/.local/lib/python3.8/site-packages/bidskit/templates/dataset_description.json to /projects/b1108/studies/transitions/data/raw/neuroimaging/bids/dataset_description.json
Copying /home/sir8526/.local/lib/python3.8/site-packages/bidskit/templates/participants.json to /projects/b1108/studies/transitions/data/raw/neuroimaging/bids/participants.json
Copying /home/sir8526/.local/lib/python3.8/site-packages/bidskit/templates/bidsignore to /projects/b1108/studies/transitions/data/raw/neuroimaging/bids/.bidsignore

Subjects to convert        : All
Source data directory      : /projects/b1108/studies/transitions/data/raw/neuroimaging/bids/sourcedata
Working Directory          : /projects/b1108/studies/transitions/data/raw/neuroimaging/bids/work/bidskit
Use Session Directories    : Yes
Overwrite Existing Files   : No
Anonymize BIDS Output      : Yes
Auto translate             : No
Bind fieldmaps             : No
GZIP compression           : o
Recon filename key         : False
Part filename key          : False
Echo filename key          : False

------------------------------------------------------------
Pass 2 : Populating BIDS directory
------------------------------------------------------------
  Creating subject list from sourcedata contents
  Found 3 subjects in sourcedata folder

------------------------------------------------------------
Processing subject t1103
------------------------------------------------------------
  Processing session 1
  Working subject directory : /projects/b1108/studies/transitions/data/raw/neuroimaging/bids/work/bidskit/sub-t1103
  Working session directory : /projects/b1108/studies/transitions/data/raw/neuroimaging/bids/work/bidskit/sub-t1103/ses-1
  BIDS subject directory  : /projects/b1108/studies/transitions/data/raw/neuroimaging/bids/sub-t1103
  BIDS session directory  : /projects/b1108/studies/transitions/data/raw/neuroimaging/bids/sub-t1103/ses-1
  Sorting series by acquisition time
  Preserving conversion directory

------------------------------------------------------------
Processing subject t1111
------------------------------------------------------------
  Processing session 1
  Working subject directory : /projects/b1108/studies/transitions/data/raw/neuroimaging/bids/work/bidskit/sub-t1111
  Working session directory : /projects/b1108/studies/transitions/data/raw/neuroimaging/bids/work/bidskit/sub-t1111/ses-1
  BIDS subject directory  : /projects/b1108/studies/transitions/data/raw/neuroimaging/bids/sub-t1111
  BIDS session directory  : /projects/b1108/studies/transitions/data/raw/neuroimaging/bids/sub-t1111/ses-1
  Sorting series by acquisition time
  Preserving conversion directory

------------------------------------------------------------
Processing subject t1112
------------------------------------------------------------
  Processing session 1
  Working subject directory : /projects/b1108/studies/transitions/data/raw/neuroimaging/bids/work/bidskit/sub-t1112
  Working session directory : /projects/b1108/studies/transitions/data/raw/neuroimaging/bids/work/bidskit/sub-t1112/ses-1
  BIDS subject directory  : /projects/b1108/studies/transitions/data/raw/neuroimaging/bids/sub-t1112
  BIDS session directory  : /projects/b1108/studies/transitions/data/raw/neuroimaging/bids/sub-t1112/ses-1
  Sorting series by acquisition time
  Preserving conversion directory

Subject directories to prune:  /projects/b1108/studies/transitions/data/raw/neuroimaging/bids/sub-t1103, /projects/b1108/studies/transitions/data/raw/neuroimaging/bids/sub-t1111, /projects/b1108/studies/transitions/data/raw/neuroimaging/bids/sub-t1112

* Optional external bids-validator not found
* Please see https://github.com/jmtyszka/bidskit/blob/master/docs/Installation.md
* for more information

------------------------------------------------------------
BIDSKIT 2022.10.13
------------------------------------------------------------

Check dcm2nixx version
dcm2niix v1.0.20220720 detected - ok

Initializing BIDS dataset directory tree in /projects/b1108/studies/transitions/data/raw/neuroimaging/bids
Creating file templates required for BIDS compliance
Copying /home/sir8526/.local/lib/python3.8/site-packages/bidskit/templates/README.md to /projects/b1108/studies/transitions/data/raw/neuroimaging/bids/README.md
* {tpl_pname} not found - check installation folder permissions
Copying /home/sir8526/.local/lib/python3.8/site-packages/bidskit/templates/CHANGES to /projects/b1108/studies/transitions/data/raw/neuroimaging/bids/CHANGES
Copying /home/sir8526/.local/lib/python3.8/site-packages/bidskit/templates/dataset_description.json to /projects/b1108/studies/transitions/data/raw/neuroimaging/bids/dataset_description.json
Copying /home/sir8526/.local/lib/python3.8/site-packages/bidskit/templates/participants.json to /projects/b1108/studies/transitions/data/raw/neuroimaging/bids/participants.json
Copying /home/sir8526/.local/lib/python3.8/site-packages/bidskit/templates/bidsignore to /projects/b1108/studies/transitions/data/raw/neuroimaging/bids/.bidsignore

Subjects to convert        : All
Source data directory      : /projects/b1108/studies/transitions/data/raw/neuroimaging/bids/sourcedata
Working Directory          : /projects/b1108/studies/transitions/data/raw/neuroimaging/bids/work/bidskit
Use Session Directories    : Yes
Overwrite Existing Files   : No
Anonymize BIDS Output      : Yes
Auto translate             : No
Bind fieldmaps             : No
GZIP compression           : o
Recon filename key         : False
Part filename key          : False
Echo filename key          : False

------------------------------------------------------------
Pass 2 : Populating BIDS directory
------------------------------------------------------------
  Creating subject list from sourcedata contents
  Found 1 subjects in sourcedata folder

------------------------------------------------------------
Processing subject t1112
------------------------------------------------------------
  Processing session 1
  Working subject directory : /projects/b1108/studies/transitions/data/raw/neuroimaging/bids/work/bidskit/sub-t1112
  Working session directory : /projects/b1108/studies/transitions/data/raw/neuroimaging/bids/work/bidskit/sub-t1112/ses-1
  BIDS subject directory  : /projects/b1108/studies/transitions/data/raw/neuroimaging/bids/sub-t1112
  BIDS session directory  : /projects/b1108/studies/transitions/data/raw/neuroimaging/bids/sub-t1112/ses-1
  Converting all DICOM images in /projects/b1108/studies/transitions/data/raw/neuroimaging/bids/sourcedata/t1112/1
  Sorting series by acquisition time
* Excluding protocol loc
* Excluding protocol loc
* Excluding protocol loc
* Excluding protocol Calibration_2D_40_slice
  Organizing T1w
    Gradient echo detected
  Populating BIDS source directory
    Copying Lockhart^Jaikeria--T1w--s3--e1.nii.gz to sub-t1112_ses-1_T1w.nii.gz
    Creating new sub-t1112_ses-1_T1w.json
  Organizing FMAP1
    Identifying fieldmap image type
    Gradient echo fieldmap detected
    Identifying magnitude and phase images
* GRE Fieldmap Echo 2 image missing - skipping
  Populating BIDS source directory
    Copying Lockhart^Jaikeria--FMAP1--s4--e1.nii.gz to sub-t1112_ses-1_magnitude1.nii.gz
    Creating new sub-t1112_ses-1_magnitude1.json
  Organizing FMAP1
    Identifying fieldmap image type
    Gradient echo fieldmap detected
    Identifying magnitude and phase images
* GRE Fieldmap Echo 2 image missing - skipping
  Populating BIDS source directory
    Preserving previous sub-t1112_ses-1_magnitude1.nii.gz
    Preserving previous sub-t1112_ses-1_magnitude1.json
  Organizing FMAP2
    Identifying fieldmap image type
    Gradient echo fieldmap detected
    Identifying magnitude and phase images
* GRE Fieldmap Echo 2 image missing - skipping
  Populating BIDS source directory
    Copying Lockhart^Jaikeria--FMAP2--s5--e1.nii.gz to sub-t1112_ses-1_magnitude2.nii.gz
    Creating new sub-t1112_ses-1_magnitude2.json
  Organizing FMAP2
    Identifying fieldmap image type
    Gradient echo fieldmap detected
    Identifying magnitude and phase images
* GRE Fieldmap Echo 2 image missing - skipping
  Populating BIDS source directory
    Preserving previous sub-t1112_ses-1_magnitude2.nii.gz
    Preserving previous sub-t1112_ses-1_magnitude2.json
  Organizing REST1
  * BIDS suffix already contains run number - skipping
    EPI detected
  Creating /projects/b1108/studies/transitions/data/raw/neuroimaging/bids/sub-t1112/ses-1/func/sub-t1112_ses-1_task-rest_run-01_events.tsv
  Populating BIDS source directory
    Copying Lockhart^Jaikeria--REST1--s6--e1.nii.gz to sub-t1112_ses-1_task-rest_run-01_bold.nii.gz
    Creating new sub-t1112_ses-1_task-rest_run-01_bold.json
  Organizing REST2
  * BIDS suffix already contains run number - skipping
    EPI detected
  Creating /projects/b1108/studies/transitions/data/raw/neuroimaging/bids/sub-t1112/ses-1/func/sub-t1112_ses-1_task-rest_run-02_events.tsv
  Populating BIDS source directory
    Copying Lockhart^Jaikeria--REST2--s7--e1.nii.gz to sub-t1112_ses-1_task-rest_run-02_bold.nii.gz
    Creating new sub-t1112_ses-1_task-rest_run-02_bold.json
  Organizing MID1
  * BIDS suffix already contains run number - skipping
    EPI detected
  Creating /projects/b1108/studies/transitions/data/raw/neuroimaging/bids/sub-t1112/ses-1/func/sub-t1112_ses-1_task-mid_run-01_events.tsv
  Populating BIDS source directory
    Copying Lockhart^Jaikeria--MID1--s8--e1.nii.gz to sub-t1112_ses-1_task-mid_run-01_bold.nii.gz
    Creating new sub-t1112_ses-1_task-mid_run-01_bold.json
  Organizing MID2
  * BIDS suffix already contains run number - skipping
    EPI detected
  Creating /projects/b1108/studies/transitions/data/raw/neuroimaging/bids/sub-t1112/ses-1/func/sub-t1112_ses-1_task-mid_run-02_events.tsv
  Populating BIDS source directory
    Copying Lockhart^Jaikeria--MID2--s9--e1.nii.gz to sub-t1112_ses-1_task-mid_run-02_bold.nii.gz
    Creating new sub-t1112_ses-1_task-mid_run-02_bold.json
  Organizing REST3
  * BIDS suffix already contains run number - skipping
    EPI detected
  Creating /projects/b1108/studies/transitions/data/raw/neuroimaging/bids/sub-t1112/ses-1/func/sub-t1112_ses-1_task-rest_run-03_events.tsv
  Populating BIDS source directory
    Copying Lockhart^Jaikeria--REST3--s10--e1.nii.gz to sub-t1112_ses-1_task-rest_run-03_bold.nii.gz
    Creating new sub-t1112_ses-1_task-rest_run-03_bold.json
  Organizing REST4
  * BIDS suffix already contains run number - skipping
    EPI detected
  Creating /projects/b1108/studies/transitions/data/raw/neuroimaging/bids/sub-t1112/ses-1/func/sub-t1112_ses-1_task-rest_run-04_events.tsv
  Populating BIDS source directory
    Copying Lockhart^Jaikeria--REST4--s11--e1.nii.gz to sub-t1112_ses-1_task-rest_run-04_bold.nii.gz
    Creating new sub-t1112_ses-1_task-rest_run-04_bold.json
  Preserving conversion directory

Subject directories to prune:  /projects/b1108/studies/transitions/data/raw/neuroimaging/bids/sub-t1112

* Optional external bids-validator not found
* Please see https://github.com/jmtyszka/bidskit/blob/master/docs/Installation.md
* for more information

------------------------------------------------------------
BIDSKIT 2022.10.13
------------------------------------------------------------

Check dcm2nixx version
dcm2niix v1.0.20220720 detected - ok

Initializing BIDS dataset directory tree in /projects/b1108/studies/transitions/data/raw/neuroimaging/bids
Creating file templates required for BIDS compliance
Copying /home/sir8526/.local/lib/python3.8/site-packages/bidskit/templates/README.md to /projects/b1108/studies/transitions/data/raw/neuroimaging/bids/README.md
* {tpl_pname} not found - check installation folder permissions
Copying /home/sir8526/.local/lib/python3.8/site-packages/bidskit/templates/CHANGES to /projects/b1108/studies/transitions/data/raw/neuroimaging/bids/CHANGES
Copying /home/sir8526/.local/lib/python3.8/site-packages/bidskit/templates/dataset_description.json to /projects/b1108/studies/transitions/data/raw/neuroimaging/bids/dataset_description.json
Copying /home/sir8526/.local/lib/python3.8/site-packages/bidskit/templates/participants.json to /projects/b1108/studies/transitions/data/raw/neuroimaging/bids/participants.json
Copying /home/sir8526/.local/lib/python3.8/site-packages/bidskit/templates/bidsignore to /projects/b1108/studies/transitions/data/raw/neuroimaging/bids/.bidsignore

Subjects to convert        : All
Source data directory      : /projects/b1108/studies/transitions/data/raw/neuroimaging/bids/sourcedata
Working Directory          : /projects/b1108/studies/transitions/data/raw/neuroimaging/bids/work/bidskit
Use Session Directories    : Yes
Overwrite Existing Files   : No
Anonymize BIDS Output      : Yes
Auto translate             : No
Bind fieldmaps             : No
GZIP compression           : o
Recon filename key         : False
Part filename key          : False
Echo filename key          : False

------------------------------------------------------------
Pass 2 : Populating BIDS directory
------------------------------------------------------------
  Creating subject list from sourcedata contents
  Found 3 subjects in sourcedata folder

------------------------------------------------------------
Processing subject t1111
------------------------------------------------------------
  Processing session 1
  Working subject directory : /projects/b1108/studies/transitions/data/raw/neuroimaging/bids/work/bidskit/sub-t1111
  Working session directory : /projects/b1108/studies/transitions/data/raw/neuroimaging/bids/work/bidskit/sub-t1111/ses-1
  BIDS subject directory  : /projects/b1108/studies/transitions/data/raw/neuroimaging/bids/sub-t1111
  BIDS session directory  : /projects/b1108/studies/transitions/data/raw/neuroimaging/bids/sub-t1111/ses-1
  Converting all DICOM images in /projects/b1108/studies/transitions/data/raw/neuroimaging/bids/sourcedata/t1111/1
  Sorting series by acquisition time
* Excluding protocol loc
* Excluding protocol loc
* Excluding protocol loc
* Excluding protocol Calibration_2D_40_slice
  Organizing T1w
    Gradient echo detected
  Populating BIDS source directory
    Copying Ohuabunwa^Shawn--T1w--s3--e1.nii.gz to sub-t1111_ses-1_T1w.nii.gz
    Creating new sub-t1111_ses-1_T1w.json
  Organizing FMAP1
    Identifying fieldmap image type
    Gradient echo fieldmap detected
    Identifying magnitude and phase images
* GRE Fieldmap Echo 2 image missing - skipping
  Populating BIDS source directory
    Copying Ohuabunwa^Shawn--FMAP1--s4--e1.nii.gz to sub-t1111_ses-1_magnitude1.nii.gz
    Creating new sub-t1111_ses-1_magnitude1.json
  Organizing FMAP1
    Identifying fieldmap image type
    Gradient echo fieldmap detected
    Identifying magnitude and phase images
* GRE Fieldmap Echo 2 image missing - skipping
  Populating BIDS source directory
    Preserving previous sub-t1111_ses-1_magnitude1.nii.gz
    Preserving previous sub-t1111_ses-1_magnitude1.json
  Organizing FMAP2
    Identifying fieldmap image type
    Gradient echo fieldmap detected
    Identifying magnitude and phase images
* GRE Fieldmap Echo 2 image missing - skipping
  Populating BIDS source directory
    Copying Ohuabunwa^Shawn--FMAP2--s5--e1.nii.gz to sub-t1111_ses-1_magnitude2.nii.gz
    Creating new sub-t1111_ses-1_magnitude2.json
  Organizing FMAP2
    Identifying fieldmap image type
    Gradient echo fieldmap detected
    Identifying magnitude and phase images
* GRE Fieldmap Echo 2 image missing - skipping
  Populating BIDS source directory
    Preserving previous sub-t1111_ses-1_magnitude2.nii.gz
    Preserving previous sub-t1111_ses-1_magnitude2.json
  Organizing REST1
  * BIDS suffix already contains run number - skipping
    EPI detected
  Creating /projects/b1108/studies/transitions/data/raw/neuroimaging/bids/sub-t1111/ses-1/func/sub-t1111_ses-1_task-rest_run-01_events.tsv
  Populating BIDS source directory
    Copying Ohuabunwa^Shawn--REST1--s6--e1.nii.gz to sub-t1111_ses-1_task-rest_run-01_bold.nii.gz
    Creating new sub-t1111_ses-1_task-rest_run-01_bold.json
  Organizing REST2
  * BIDS suffix already contains run number - skipping
    EPI detected
  Creating /projects/b1108/studies/transitions/data/raw/neuroimaging/bids/sub-t1111/ses-1/func/sub-t1111_ses-1_task-rest_run-02_events.tsv
  Populating BIDS source directory
    Copying Ohuabunwa^Shawn--REST2--s7--e1.nii.gz to sub-t1111_ses-1_task-rest_run-02_bold.nii.gz
    Creating new sub-t1111_ses-1_task-rest_run-02_bold.json
  Organizing MID1
  * BIDS suffix already contains run number - skipping
    EPI detected
  Creating /projects/b1108/studies/transitions/data/raw/neuroimaging/bids/sub-t1111/ses-1/func/sub-t1111_ses-1_task-mid_run-01_events.tsv
  Populating BIDS source directory
    Copying Ohuabunwa^Shawn--MID1--s8--e1.nii.gz to sub-t1111_ses-1_task-mid_run-01_bold.nii.gz
    Creating new sub-t1111_ses-1_task-mid_run-01_bold.json
  Organizing MID2
  * BIDS suffix already contains run number - skipping
    EPI detected
  Creating /projects/b1108/studies/transitions/data/raw/neuroimaging/bids/sub-t1111/ses-1/func/sub-t1111_ses-1_task-mid_run-02_events.tsv
  Populating BIDS source directory
    Copying Ohuabunwa^Shawn--MID2--s9--e1.nii.gz to sub-t1111_ses-1_task-mid_run-02_bold.nii.gz
    Creating new sub-t1111_ses-1_task-mid_run-02_bold.json
  Organizing REST3
  * BIDS suffix already contains run number - skipping
    EPI detected
  Creating /projects/b1108/studies/transitions/data/raw/neuroimaging/bids/sub-t1111/ses-1/func/sub-t1111_ses-1_task-rest_run-03_events.tsv
  Populating BIDS source directory
    Copying Ohuabunwa^Shawn--REST3--s10--e1.nii.gz to sub-t1111_ses-1_task-rest_run-03_bold.nii.gz
    Creating new sub-t1111_ses-1_task-rest_run-03_bold.json
  Organizing REST4
  * BIDS suffix already contains run number - skipping
    EPI detected
  Creating /projects/b1108/studies/transitions/data/raw/neuroimaging/bids/sub-t1111/ses-1/func/sub-t1111_ses-1_task-rest_run-04_events.tsv
  Populating BIDS source directory
    Copying Ohuabunwa^Shawn--REST4--s11--e1.nii.gz to sub-t1111_ses-1_task-rest_run-04_bold.nii.gz
    Creating new sub-t1111_ses-1_task-rest_run-04_bold.json
  Preserving conversion directory

------------------------------------------------------------
Processing subject e556
------------------------------------------------------------

------------------------------------------------------------
Processing subject t1112
------------------------------------------------------------
  Processing session 1
  Working subject directory : /projects/b1108/studies/transitions/data/raw/neuroimaging/bids/work/bidskit/sub-t1112
  Working session directory : /projects/b1108/studies/transitions/data/raw/neuroimaging/bids/work/bidskit/sub-t1112/ses-1
  BIDS subject directory  : /projects/b1108/studies/transitions/data/raw/neuroimaging/bids/sub-t1112
  BIDS session directory  : /projects/b1108/studies/transitions/data/raw/neuroimaging/bids/sub-t1112/ses-1
  Sorting series by acquisition time
* Excluding protocol loc
* Excluding protocol loc
* Excluding protocol loc
* Excluding protocol Calibration_2D_40_slice
  Organizing T1w
    Gradient echo detected
  Populating BIDS source directory
    Preserving previous sub-t1112_ses-1_T1w.nii.gz
    Preserving previous sub-t1112_ses-1_T1w.json
  Organizing FMAP1
    Identifying fieldmap image type
    Gradient echo fieldmap detected
    Identifying magnitude and phase images
* GRE Fieldmap Echo 2 image missing - skipping
  Populating BIDS source directory
    Preserving previous sub-t1112_ses-1_magnitude1.nii.gz
    Preserving previous sub-t1112_ses-1_magnitude1.json
  Organizing FMAP1
    Identifying fieldmap image type
    Gradient echo fieldmap detected
    Identifying magnitude and phase images
* GRE Fieldmap Echo 2 image missing - skipping
  Populating BIDS source directory
    Preserving previous sub-t1112_ses-1_magnitude1.nii.gz
    Preserving previous sub-t1112_ses-1_magnitude1.json
  Organizing FMAP2
    Identifying fieldmap image type
    Gradient echo fieldmap detected
    Identifying magnitude and phase images
* GRE Fieldmap Echo 2 image missing - skipping
  Populating BIDS source directory
    Preserving previous sub-t1112_ses-1_magnitude2.nii.gz
    Preserving previous sub-t1112_ses-1_magnitude2.json
  Organizing FMAP2
    Identifying fieldmap image type
    Gradient echo fieldmap detected
    Identifying magnitude and phase images
* GRE Fieldmap Echo 2 image missing - skipping
  Populating BIDS source directory
    Preserving previous sub-t1112_ses-1_magnitude2.nii.gz
    Preserving previous sub-t1112_ses-1_magnitude2.json
  Organizing REST1
  * BIDS suffix already contains run number - skipping
    EPI detected
  Preserving previous sub-t1112_ses-1_task-rest_run-01_events.tsv
  Populating BIDS source directory
    Preserving previous sub-t1112_ses-1_task-rest_run-01_bold.nii.gz
    Preserving previous sub-t1112_ses-1_task-rest_run-01_bold.json
  Organizing REST2
  * BIDS suffix already contains run number - skipping
    EPI detected
  Preserving previous sub-t1112_ses-1_task-rest_run-02_events.tsv
  Populating BIDS source directory
    Preserving previous sub-t1112_ses-1_task-rest_run-02_bold.nii.gz
    Preserving previous sub-t1112_ses-1_task-rest_run-02_bold.json
  Organizing MID1
  * BIDS suffix already contains run number - skipping
    EPI detected
  Preserving previous sub-t1112_ses-1_task-mid_run-01_events.tsv
  Populating BIDS source directory
    Preserving previous sub-t1112_ses-1_task-mid_run-01_bold.nii.gz
    Preserving previous sub-t1112_ses-1_task-mid_run-01_bold.json
  Organizing MID2
  * BIDS suffix already contains run number - skipping
    EPI detected
  Preserving previous sub-t1112_ses-1_task-mid_run-02_events.tsv
  Populating BIDS source directory
    Preserving previous sub-t1112_ses-1_task-mid_run-02_bold.nii.gz
    Preserving previous sub-t1112_ses-1_task-mid_run-02_bold.json
  Organizing REST3
  * BIDS suffix already contains run number - skipping
    EPI detected
  Preserving previous sub-t1112_ses-1_task-rest_run-03_events.tsv
  Populating BIDS source directory
    Preserving previous sub-t1112_ses-1_task-rest_run-03_bold.nii.gz
    Preserving previous sub-t1112_ses-1_task-rest_run-03_bold.json
  Organizing REST4
  * BIDS suffix already contains run number - skipping
    EPI detected
  Preserving previous sub-t1112_ses-1_task-rest_run-04_events.tsv
  Populating BIDS source directory
    Preserving previous sub-t1112_ses-1_task-rest_run-04_bold.nii.gz
    Preserving previous sub-t1112_ses-1_task-rest_run-04_bold.json
  Preserving conversion directory

Subject directories to prune:  /projects/b1108/studies/transitions/data/raw/neuroimaging/bids/sub-t1111, /projects/b1108/studies/transitions/data/raw/neuroimaging/bids/sub-e556, /projects/b1108/studies/transitions/data/raw/neuroimaging/bids/sub-t1112

* Optional external bids-validator not found
* Please see https://github.com/jmtyszka/bidskit/blob/master/docs/Installation.md
* for more information

------------------------------------------------------------
BIDSKIT 2022.10.13
------------------------------------------------------------

Check dcm2nixx version
dcm2niix v1.0.20220720 detected - ok

Initializing BIDS dataset directory tree in /projects/b1108/studies/transitions/data/raw/neuroimaging/bids
Creating file templates required for BIDS compliance
Copying /home/sir8526/.local/lib/python3.8/site-packages/bidskit/templates/README.md to /projects/b1108/studies/transitions/data/raw/neuroimaging/bids/README.md
* {tpl_pname} not found - check installation folder permissions
Copying /home/sir8526/.local/lib/python3.8/site-packages/bidskit/templates/CHANGES to /projects/b1108/studies/transitions/data/raw/neuroimaging/bids/CHANGES
Copying /home/sir8526/.local/lib/python3.8/site-packages/bidskit/templates/dataset_description.json to /projects/b1108/studies/transitions/data/raw/neuroimaging/bids/dataset_description.json
Copying /home/sir8526/.local/lib/python3.8/site-packages/bidskit/templates/participants.json to /projects/b1108/studies/transitions/data/raw/neuroimaging/bids/participants.json
Copying /home/sir8526/.local/lib/python3.8/site-packages/bidskit/templates/bidsignore to /projects/b1108/studies/transitions/data/raw/neuroimaging/bids/.bidsignore

Subjects to convert        : All
Source data directory      : /projects/b1108/studies/transitions/data/raw/neuroimaging/bids/sourcedata
Working Directory          : /projects/b1108/studies/transitions/data/raw/neuroimaging/bids/work/bidskit
Use Session Directories    : Yes
Overwrite Existing Files   : No
Anonymize BIDS Output      : Yes
Auto translate             : No
Bind fieldmaps             : No
GZIP compression           : o
Recon filename key         : False
Part filename key          : False
Echo filename key          : False

------------------------------------------------------------
Pass 2 : Populating BIDS directory
------------------------------------------------------------
  Creating subject list from sourcedata contents
  Found 3 subjects in sourcedata folder

------------------------------------------------------------
Processing subject t1103
------------------------------------------------------------
  Processing session 1
  Working subject directory : /projects/b1108/studies/transitions/data/raw/neuroimaging/bids/work/bidskit/sub-t1103
  Working session directory : /projects/b1108/studies/transitions/data/raw/neuroimaging/bids/work/bidskit/sub-t1103/ses-1
  BIDS subject directory  : /projects/b1108/studies/transitions/data/raw/neuroimaging/bids/sub-t1103
  BIDS session directory  : /projects/b1108/studies/transitions/data/raw/neuroimaging/bids/sub-t1103/ses-1
  Converting all DICOM images in /projects/b1108/studies/transitions/data/raw/neuroimaging/bids/sourcedata/t1103/1
  Sorting series by acquisition time
* Excluding protocol loc
* Excluding protocol loc
* Excluding protocol loc
* Excluding protocol loc
* Excluding protocol loc
* Excluding protocol loc
* Excluding protocol Calibration_2D_40_slice
  Organizing T1w
    Gradient echo detected
  Populating BIDS source directory
    Copying Lewis^Kevin--T1w--s4--e1.nii.gz to sub-t1103_ses-1_T1w.nii.gz
    Creating new sub-t1103_ses-1_T1w.json
  Organizing FMAP1
    Identifying fieldmap image type
    Gradient echo fieldmap detected
    Identifying magnitude and phase images
* GRE Fieldmap Echo 2 image missing - skipping
  Populating BIDS source directory
    Copying Lewis^Kevin--FMAP1--s5--e1.nii.gz to sub-t1103_ses-1_magnitude1.nii.gz
    Creating new sub-t1103_ses-1_magnitude1.json
  Organizing FMAP1
    Identifying fieldmap image type
    Gradient echo fieldmap detected
    Identifying magnitude and phase images
* GRE Fieldmap Echo 2 image missing - skipping
  Populating BIDS source directory
    Preserving previous sub-t1103_ses-1_magnitude1.nii.gz
    Preserving previous sub-t1103_ses-1_magnitude1.json
  Organizing FMAP2
    Identifying fieldmap image type
    Gradient echo fieldmap detected
    Identifying magnitude and phase images
* GRE Fieldmap Echo 2 image missing - skipping
  Populating BIDS source directory
    Copying Lewis^Kevin--FMAP2--s6--e1.nii.gz to sub-t1103_ses-1_magnitude2.nii.gz
    Creating new sub-t1103_ses-1_magnitude2.json
  Organizing FMAP2
    Identifying fieldmap image type
    Gradient echo fieldmap detected
    Identifying magnitude and phase images
* GRE Fieldmap Echo 2 image missing - skipping
  Populating BIDS source directory
    Preserving previous sub-t1103_ses-1_magnitude2.nii.gz
    Preserving previous sub-t1103_ses-1_magnitude2.json
  Organizing REST1
  * BIDS suffix already contains run number - skipping
    EPI detected
  Creating /projects/b1108/studies/transitions/data/raw/neuroimaging/bids/sub-t1103/ses-1/func/sub-t1103_ses-1_task-rest_run-01_events.tsv
  Populating BIDS source directory
    Copying Lewis^Kevin--REST1--s7--e1.nii.gz to sub-t1103_ses-1_task-rest_run-01_bold.nii.gz
    Creating new sub-t1103_ses-1_task-rest_run-01_bold.json
  Organizing REST2
  * BIDS suffix already contains run number - skipping
    EPI detected
  Creating /projects/b1108/studies/transitions/data/raw/neuroimaging/bids/sub-t1103/ses-1/func/sub-t1103_ses-1_task-rest_run-02_events.tsv
  Populating BIDS source directory
    Copying Lewis^Kevin--REST2--s8--e1.nii.gz to sub-t1103_ses-1_task-rest_run-02_bold.nii.gz
    Creating new sub-t1103_ses-1_task-rest_run-02_bold.json
  Organizing MID1
  * BIDS suffix already contains run number - skipping
    EPI detected
  Creating /projects/b1108/studies/transitions/data/raw/neuroimaging/bids/sub-t1103/ses-1/func/sub-t1103_ses-1_task-mid_run-01_events.tsv
  Populating BIDS source directory
    Copying Lewis^Kevin--MID1--s9--e1.nii.gz to sub-t1103_ses-1_task-mid_run-01_bold.nii.gz
    Creating new sub-t1103_ses-1_task-mid_run-01_bold.json
  Organizing MID2
  * BIDS suffix already contains run number - skipping
    EPI detected
  Creating /projects/b1108/studies/transitions/data/raw/neuroimaging/bids/sub-t1103/ses-1/func/sub-t1103_ses-1_task-mid_run-02_events.tsv
  Populating BIDS source directory
    Copying Lewis^Kevin--MID2--s10--e1.nii.gz to sub-t1103_ses-1_task-mid_run-02_bold.nii.gz
    Creating new sub-t1103_ses-1_task-mid_run-02_bold.json
  Organizing REST3
  * BIDS suffix already contains run number - skipping
    EPI detected
  Creating /projects/b1108/studies/transitions/data/raw/neuroimaging/bids/sub-t1103/ses-1/func/sub-t1103_ses-1_task-rest_run-03_events.tsv
  Populating BIDS source directory
    Copying Lewis^Kevin--REST3--s11--e1.nii.gz to sub-t1103_ses-1_task-rest_run-03_bold.nii.gz
    Creating new sub-t1103_ses-1_task-rest_run-03_bold.json
  Organizing REST4
  * BIDS suffix already contains run number - skipping
    EPI detected
  Creating /projects/b1108/studies/transitions/data/raw/neuroimaging/bids/sub-t1103/ses-1/func/sub-t1103_ses-1_task-rest_run-04_events.tsv
  Populating BIDS source directory
    Copying Lewis^Kevin--REST4--s12--e1.nii.gz to sub-t1103_ses-1_task-rest_run-04_bold.nii.gz
    Creating new sub-t1103_ses-1_task-rest_run-04_bold.json
  Preserving conversion directory

------------------------------------------------------------
Processing subject t1111
------------------------------------------------------------
  Processing session 1
  Working subject directory : /projects/b1108/studies/transitions/data/raw/neuroimaging/bids/work/bidskit/sub-t1111
  Working session directory : /projects/b1108/studies/transitions/data/raw/neuroimaging/bids/work/bidskit/sub-t1111/ses-1
  BIDS subject directory  : /projects/b1108/studies/transitions/data/raw/neuroimaging/bids/sub-t1111
  BIDS session directory  : /projects/b1108/studies/transitions/data/raw/neuroimaging/bids/sub-t1111/ses-1
  Sorting series by acquisition time
* Excluding protocol loc
* Excluding protocol loc
* Excluding protocol loc
* Excluding protocol Calibration_2D_40_slice
  Organizing T1w
    Gradient echo detected
  Populating BIDS source directory
    Preserving previous sub-t1111_ses-1_T1w.nii.gz
    Preserving previous sub-t1111_ses-1_T1w.json
  Organizing FMAP1
    Identifying fieldmap image type
    Gradient echo fieldmap detected
    Identifying magnitude and phase images
* GRE Fieldmap Echo 2 image missing - skipping
  Populating BIDS source directory
    Preserving previous sub-t1111_ses-1_magnitude1.nii.gz
    Preserving previous sub-t1111_ses-1_magnitude1.json
  Organizing FMAP1
    Identifying fieldmap image type
    Gradient echo fieldmap detected
    Identifying magnitude and phase images
* GRE Fieldmap Echo 2 image missing - skipping
  Populating BIDS source directory
    Preserving previous sub-t1111_ses-1_magnitude1.nii.gz
    Preserving previous sub-t1111_ses-1_magnitude1.json
  Organizing FMAP2
    Identifying fieldmap image type
    Gradient echo fieldmap detected
    Identifying magnitude and phase images
* GRE Fieldmap Echo 2 image missing - skipping
  Populating BIDS source directory
    Preserving previous sub-t1111_ses-1_magnitude2.nii.gz
    Preserving previous sub-t1111_ses-1_magnitude2.json
  Organizing FMAP2
    Identifying fieldmap image type
    Gradient echo fieldmap detected
    Identifying magnitude and phase images
* GRE Fieldmap Echo 2 image missing - skipping
  Populating BIDS source directory
    Preserving previous sub-t1111_ses-1_magnitude2.nii.gz
    Preserving previous sub-t1111_ses-1_magnitude2.json
  Organizing REST1
  * BIDS suffix already contains run number - skipping
    EPI detected
  Preserving previous sub-t1111_ses-1_task-rest_run-01_events.tsv
  Populating BIDS source directory
    Preserving previous sub-t1111_ses-1_task-rest_run-01_bold.nii.gz
    Preserving previous sub-t1111_ses-1_task-rest_run-01_bold.json
  Organizing REST2
  * BIDS suffix already contains run number - skipping
    EPI detected
  Preserving previous sub-t1111_ses-1_task-rest_run-02_events.tsv
  Populating BIDS source directory
    Preserving previous sub-t1111_ses-1_task-rest_run-02_bold.nii.gz
    Preserving previous sub-t1111_ses-1_task-rest_run-02_bold.json
  Organizing MID1
  * BIDS suffix already contains run number - skipping
    EPI detected
  Preserving previous sub-t1111_ses-1_task-mid_run-01_events.tsv
  Populating BIDS source directory
    Preserving previous sub-t1111_ses-1_task-mid_run-01_bold.nii.gz
    Preserving previous sub-t1111_ses-1_task-mid_run-01_bold.json
  Organizing MID2
  * BIDS suffix already contains run number - skipping
    EPI detected
  Preserving previous sub-t1111_ses-1_task-mid_run-02_events.tsv
  Populating BIDS source directory
    Preserving previous sub-t1111_ses-1_task-mid_run-02_bold.nii.gz
    Preserving previous sub-t1111_ses-1_task-mid_run-02_bold.json
  Organizing REST3
  * BIDS suffix already contains run number - skipping
    EPI detected
  Preserving previous sub-t1111_ses-1_task-rest_run-03_events.tsv
  Populating BIDS source directory
    Preserving previous sub-t1111_ses-1_task-rest_run-03_bold.nii.gz
    Preserving previous sub-t1111_ses-1_task-rest_run-03_bold.json
  Organizing REST4
  * BIDS suffix already contains run number - skipping
    EPI detected
  Preserving previous sub-t1111_ses-1_task-rest_run-04_events.tsv
  Populating BIDS source directory
    Preserving previous sub-t1111_ses-1_task-rest_run-04_bold.nii.gz
    Preserving previous sub-t1111_ses-1_task-rest_run-04_bold.json
  Preserving conversion directory

------------------------------------------------------------
Processing subject t1112
------------------------------------------------------------
  Processing session 1
  Working subject directory : /projects/b1108/studies/transitions/data/raw/neuroimaging/bids/work/bidskit/sub-t1112
  Working session directory : /projects/b1108/studies/transitions/data/raw/neuroimaging/bids/work/bidskit/sub-t1112/ses-1
  BIDS subject directory  : /projects/b1108/studies/transitions/data/raw/neuroimaging/bids/sub-t1112
  BIDS session directory  : /projects/b1108/studies/transitions/data/raw/neuroimaging/bids/sub-t1112/ses-1
  Sorting series by acquisition time
* Excluding protocol loc
* Excluding protocol loc
* Excluding protocol loc
* Excluding protocol Calibration_2D_40_slice
  Organizing T1w
    Gradient echo detected
  Populating BIDS source directory
    Preserving previous sub-t1112_ses-1_T1w.nii.gz
    Preserving previous sub-t1112_ses-1_T1w.json
  Organizing FMAP1
    Identifying fieldmap image type
    Gradient echo fieldmap detected
    Identifying magnitude and phase images
* GRE Fieldmap Echo 2 image missing - skipping
  Populating BIDS source directory
    Preserving previous sub-t1112_ses-1_magnitude1.nii.gz
    Preserving previous sub-t1112_ses-1_magnitude1.json
  Organizing FMAP1
    Identifying fieldmap image type
    Gradient echo fieldmap detected
    Identifying magnitude and phase images
* GRE Fieldmap Echo 2 image missing - skipping
  Populating BIDS source directory
    Preserving previous sub-t1112_ses-1_magnitude1.nii.gz
    Preserving previous sub-t1112_ses-1_magnitude1.json
  Organizing FMAP2
    Identifying fieldmap image type
    Gradient echo fieldmap detected
    Identifying magnitude and phase images
* GRE Fieldmap Echo 2 image missing - skipping
  Populating BIDS source directory
    Preserving previous sub-t1112_ses-1_magnitude2.nii.gz
    Preserving previous sub-t1112_ses-1_magnitude2.json
  Organizing FMAP2
    Identifying fieldmap image type
    Gradient echo fieldmap detected
    Identifying magnitude and phase images
* GRE Fieldmap Echo 2 image missing - skipping
  Populating BIDS source directory
    Preserving previous sub-t1112_ses-1_magnitude2.nii.gz
    Preserving previous sub-t1112_ses-1_magnitude2.json
  Organizing REST1
  * BIDS suffix already contains run number - skipping
    EPI detected
  Preserving previous sub-t1112_ses-1_task-rest_run-01_events.tsv
  Populating BIDS source directory
    Preserving previous sub-t1112_ses-1_task-rest_run-01_bold.nii.gz
    Preserving previous sub-t1112_ses-1_task-rest_run-01_bold.json
  Organizing REST2
  * BIDS suffix already contains run number - skipping
    EPI detected
  Preserving previous sub-t1112_ses-1_task-rest_run-02_events.tsv
  Populating BIDS source directory
    Preserving previous sub-t1112_ses-1_task-rest_run-02_bold.nii.gz
    Preserving previous sub-t1112_ses-1_task-rest_run-02_bold.json
  Organizing MID1
  * BIDS suffix already contains run number - skipping
    EPI detected
  Preserving previous sub-t1112_ses-1_task-mid_run-01_events.tsv
  Populating BIDS source directory
    Preserving previous sub-t1112_ses-1_task-mid_run-01_bold.nii.gz
    Preserving previous sub-t1112_ses-1_task-mid_run-01_bold.json
  Organizing MID2
  * BIDS suffix already contains run number - skipping
    EPI detected
  Preserving previous sub-t1112_ses-1_task-mid_run-02_events.tsv
  Populating BIDS source directory
    Preserving previous sub-t1112_ses-1_task-mid_run-02_bold.nii.gz
    Preserving previous sub-t1112_ses-1_task-mid_run-02_bold.json
  Organizing REST3
  * BIDS suffix already contains run number - skipping
    EPI detected
  Preserving previous sub-t1112_ses-1_task-rest_run-03_events.tsv
  Populating BIDS source directory
    Preserving previous sub-t1112_ses-1_task-rest_run-03_bold.nii.gz
    Preserving previous sub-t1112_ses-1_task-rest_run-03_bold.json
  Organizing REST4
  * BIDS suffix already contains run number - skipping
    EPI detected
  Preserving previous sub-t1112_ses-1_task-rest_run-04_events.tsv
  Populating BIDS source directory
    Preserving previous sub-t1112_ses-1_task-rest_run-04_bold.nii.gz
    Preserving previous sub-t1112_ses-1_task-rest_run-04_bold.json
  Preserving conversion directory

Subject directories to prune:  /projects/b1108/studies/transitions/data/raw/neuroimaging/bids/sub-t1103, /projects/b1108/studies/transitions/data/raw/neuroimaging/bids/sub-t1111, /projects/b1108/studies/transitions/data/raw/neuroimaging/bids/sub-t1112

* Optional external bids-validator not found
* Please see https://github.com/jmtyszka/bidskit/blob/master/docs/Installation.md
* for more information
